<?xml version="1.0" encoding="UTF-8"?>
<!-- Generated by org.testng.reporters.JUnitReportReporter -->
<testsuite skipped="1" hostname="Muhammads-MBP" name="help.HelpAndContactPageTest" tests="8" failures="0" timestamp="2022-11-12T19:37:42 EST" time="22.908" errors="0">
  <testcase name="customerService06" time="2.694" classname="help.HelpAndContactPageTest"/>
  <system-out>
    <![CDATA[This is from group with priority 6<br>]]>
  </system-out>
  <testcase name="customerService03" time="2.649" classname="help.HelpAndContactPageTest"/>
  <system-out>
    <![CDATA[This is from group with priority 3<br>]]>
  </system-out>
  <testcase name="customerService05" time="2.746" classname="help.HelpAndContactPageTest"/>
  <system-out>
    <![CDATA[This is from group with priority 5<br>]]>
  </system-out>
  <testcase name="customerService04" time="2.939" classname="help.HelpAndContactPageTest"/>
  <system-out>
    <![CDATA[This is from group with no priority.<br>]]>
  </system-out>
  <testcase name="customerService07" time="6.518" classname="help.HelpAndContactPageTest"/>
  <system-out>
    <![CDATA[This is from group with priority 7<br>]]>
  </system-out>
  <testcase name="customerService01" time="2.706" classname="help.HelpAndContactPageTest"/>
  <system-out>
    <![CDATA[This is from group<br>]]>
  </system-out>
  <testcase name="customerService02" time="2.656" classname="help.HelpAndContactPageTest"/>
  <system-out>
    <![CDATA[This is from group with priority 2<br>]]>
  </system-out>
  <testcase name="customerService" classname="help.HelpAndContactPageTest">
    <skipped/>
  </testcase> <!-- customerService -->
  <system-out/>
</testsuite> <!-- help.HelpAndContactPageTest -->
