<?xml version="1.0" encoding="UTF-8"?>
<!-- Generated by org.testng.reporters.JUnitReportReporter -->
<testsuite skipped="2" hostname="Muhammads-MBP" name="input.InputTest" tests="4" failures="0" timestamp="2022-11-11T22:54:49 EST" time="6.516" errors="0">
  <testcase name="dTest" time="2.626" classname="input.InputTest"/>
  <system-out>
    <![CDATA[This is dTest priority 3.<br>]]>
  </system-out>
  <testcase name="cTest" time="3.890" classname="input.InputTest"/>
  <system-out>
    <![CDATA[This is cTest priority 4.<br>]]>
  </system-out>
  <testcase name="bTest" classname="input.InputTest">
    <skipped/>
  </testcase> <!-- bTest -->
  <system-out/>
  <testcase name="aTest" classname="input.InputTest">
    <skipped/>
  </testcase> <!-- aTest -->
  <system-out/>
</testsuite> <!-- input.InputTest -->
