<?xml version="1.0" encoding="UTF-8"?>
<!-- Generated by org.testng.reporters.JUnitReportReporter -->
<testsuite skipped="0" hostname="Muhammads-MBP" name="hi.HiMuhammedTest" tests="1" failures="0" timestamp="2022-11-07T21:26:16 EST" time="70.521" errors="0">
  <testcase name="signInMuhammedParameterized" time="70.521" classname="hi.HiMuhammedTest"/>
  <system-out>
    <![CDATA[Proxy element for: DefaultElementLocator 'By.xpath: (//a[text()='Sign in'])[1]' : has been clicked<br>
saleem689@yahoo.com : has been passed to ------>[[ChromeDriver: chrome on MAC (02575d11c3e9369eda5f252326bc1572)] -> xpath: //input[@id='userid']]<br>
[[ChromeDriver: chrome on MAC (02575d11c3e9369eda5f252326bc1572)] -> id: signin-continue-btn] : has been clicked<br>
123.Ebay : has been passed to ------>[[ChromeDriver: chrome on MAC (02575d11c3e9369eda5f252326bc1572)] -> xpath: //input[@id='pass']]<br>
Proxy element for: DefaultElementLocator 'By.id: sgnBt' : has been clicked<br>]]>
  </system-out>
</testsuite> <!-- hi.HiMuhammedTest -->
