<?xml version="1.0" encoding="UTF-8"?>
<!-- Generated by org.testng.reporters.JUnitReportReporter -->
<testsuite skipped="0" hostname="Muhammads-MBP" name="daily.DailyDealsTest" tests="1" failures="0" timestamp="2022-11-06T16:31:48 EST" time="4.677" errors="0">
  <testcase name="dealsOfTheDay" time="4.677" classname="daily.DailyDealsTest"/>
  <system-out>
    <![CDATA[[[ChromeDriver: chrome on MAC (716cbff1a482737f5a5420742712e093)] -> xpath: //a[text()=' Daily Deals']] : has been clicked<br>
samsung tv 4k : has been passed to ------>[[ChromeDriver: chrome on MAC (716cbff1a482737f5a5420742712e093)] -> xpath: //a[text()=' Daily Deals']]<br>]]>
  </system-out>
</testsuite> <!-- daily.DailyDealsTest -->
