<?xml version="1.0" encoding="UTF-8"?>
<!-- Generated by org.testng.reporters.JUnitReportReporter -->
<testsuite skipped="0" hostname="Muhammads-MBP" name="registration.RegistrationTest" tests="1" failures="0" timestamp="2022-11-10T19:59:47 EST" time="33.643" errors="0">
  <testcase name="userTest" time="33.643" classname="registration.RegistrationTest"/>
  <system-out>
    <![CDATA[Proxy element for: DefaultElementLocator 'By.xpath: //a[text()='register']' : has been clicked<br>
saleem : has been passed to ------>[[ChromeDriver: chrome on MAC (8ac3c3825ea51ecf604d90f4fffe5c3e)] -> xpath: //input[@id='firstname']]<br>
Mohammad : has been passed to ------>[[ChromeDriver: chrome on MAC (8ac3c3825ea51ecf604d90f4fffe5c3e)] -> xpath: //input[@id='lastname']]<br>
Saleem689@yahoo.com : has been passed to ------>[[ChromeDriver: chrome on MAC (8ac3c3825ea51ecf604d90f4fffe5c3e)] -> xpath: //input[@id='Email']]<br>
098.Ebay : has been passed to ------>[[ChromeDriver: chrome on MAC (8ac3c3825ea51ecf604d90f4fffe5c3e)] -> xpath: //input[@id='password']]<br>
[[ChromeDriver: chrome on MAC (8ac3c3825ea51ecf604d90f4fffe5c3e)] -> id: EMAIL_REG_FORM_SUBMIT] : has been clicked<br>]]>
  </system-out>
</testsuite> <!-- registration.RegistrationTest -->
