<?xml version="1.0" encoding="UTF-8"?>
<!-- Generated by org.testng.reporters.JUnitReportReporter -->
<testsuite skipped="0" hostname="Muhammads-MBP" name="CommerceTest.TestClass" tests="1" failures="0" timestamp="2022-10-26T19:36:47 EDT" time="3.764" errors="0">
  <testcase name="aTest" time="3.764" classname="CommerceTest.TestClass"/>
  <system-out/>
</testsuite> <!-- CommerceTest.TestClass -->
