<?xml version="1.0" encoding="UTF-8"?>
<!-- Generated by org.testng.reporters.JUnitReportReporter -->
<testsuite skipped="1" hostname="Muhammads-MBP" name="help.HelpAndContactPageTest" tests="4" failures="0" timestamp="2022-11-12T11:16:02 EST" time="0.037" errors="0">
  <testcase name="customerService06" time="0.002" classname="help.HelpAndContactPageTest"/>
  <system-out>
    <![CDATA[This is from group with priority 6<br>]]>
  </system-out>
  <testcase name="customerService05" time="0.002" classname="help.HelpAndContactPageTest"/>
  <system-out>
    <![CDATA[This is from group with priority 5<br>]]>
  </system-out>
  <testcase name="customerService03" time="0.033" classname="help.HelpAndContactPageTest"/>
  <system-out>
    <![CDATA[This is from group with priority 3<br>]]>
  </system-out>
  <testcase name="customerService" classname="help.HelpAndContactPageTest">
    <skipped/>
  </testcase> <!-- customerService -->
  <system-out/>
</testsuite> <!-- help.HelpAndContactPageTest -->
