<?xml version="1.0" encoding="UTF-8"?>
<!-- Generated by org.testng.reporters.JUnitReportReporter -->
<testsuite skipped="0" hostname="Muhammads-MBP" name="shop.ShopCatagoryTest" tests="1" failures="0" timestamp="2022-11-06T16:31:48 EST" time="6.085" errors="0">
  <testcase name="shopCatagoryTest01" time="6.085" classname="shop.ShopCatagoryTest"/>
  <system-out>
    <![CDATA[[[ChromeDriver: chrome on MAC (9cd33522ef62ee2bdf6f0542da6c7eb7)] -> id: gh-shop-a] : has been clicked<br>
[[ChromeDriver: chrome on MAC (9cd33522ef62ee2bdf6f0542da6c7eb7)] -> xpath: //a[text()='Parts & accessories']] : has been clicked<br>
[[ChromeDriver: chrome on MAC (9cd33522ef62ee2bdf6f0542da6c7eb7)] -> xpath: //div[text()='Add a vehicle']]<---- has been present<br>
[[ChromeDriver: chrome on MAC (9cd33522ef62ee2bdf6f0542da6c7eb7)] -> xpath: //div[text()='Add a vehicle']]<------ is VISIBLE<br>
[[ChromeDriver: chrome on MAC (9cd33522ef62ee2bdf6f0542da6c7eb7)] -> xpath: //div[text()='Add a vehicle']] : has been clicked<br>]]>
  </system-out>
</testsuite> <!-- shop.ShopCatagoryTest -->
