<?xml version="1.0" encoding="UTF-8"?>
<!-- Generated by org.testng.reporters.JUnitReportReporter -->
<testsuite skipped="0" hostname="Muhammads-MBP" name="hi.Hi_test_with_auto_data" tests="2" failures="0" timestamp="2022-11-12T11:11:32 EST" time="76.400" errors="0">
  <testcase name="signInMuhammedWithNoPara" time="26.920" classname="hi.Hi_test_with_auto_data"/>
  <system-out>
    <![CDATA[Proxy element for: DefaultElementLocator 'By.xpath: (//a[text()='Sign in'])[1]' : has been clicked<br>
saleem689@yahoo.com : has been passed to ------>[[ChromeDriver: chrome on MAC (909883d15b37de13e301f63fcec4e7b7)] -> xpath: //input[@id='userid']]<br>
[[ChromeDriver: chrome on MAC (909883d15b37de13e301f63fcec4e7b7)] -> id: signin-continue-btn] : has been clicked<br>
123.Ebay : has been passed to ------>[[ChromeDriver: chrome on MAC (909883d15b37de13e301f63fcec4e7b7)] -> xpath: //input[@id='pass']]<br>
[[ChromeDriver: chrome on MAC (909883d15b37de13e301f63fcec4e7b7)] -> id: sgnBt] : has been clicked<br>]]>
  </system-out>
  <testcase name="signInMuhammed" time="49.480" classname="hi.Hi_test_with_auto_data"/>
  <system-out>
    <![CDATA[Proxy element for: DefaultElementLocator 'By.xpath: (//a[text()='Sign in'])[1]' : has been clicked<br>
saleem689@yahoo.com : has been passed to ------>[[ChromeDriver: chrome on MAC (cc0cdb090bee84c10fbcaeab43f82da0)] -> xpath: //input[@id='userid']]<br>
[[ChromeDriver: chrome on MAC (cc0cdb090bee84c10fbcaeab43f82da0)] -> id: signin-continue-btn] : has been clicked<br>
123.Ebay : has been passed to ------>[[ChromeDriver: chrome on MAC (cc0cdb090bee84c10fbcaeab43f82da0)] -> xpath: //input[@id='pass']]<br>
Proxy element for: DefaultElementLocator 'By.id: sgnBt' : has been clicked<br>]]>
  </system-out>
</testsuite> <!-- hi.Hi_test_with_auto_data -->
